<?xml version="1.0" encoding="UTF-8"?>
<!-- Generated by org.testng.reporters.JUnitXMLReporter -->
<testsuite ignored="0" hostname="LAPTOP-G1OQR14U" failures="0" tests="9" name="Default test" time="27.181" errors="0" timestamp="2025-08-30T16:11:23 IST">
  <testcase classname="PracticeDay7TestNG.enterDataUsingDP" name="LoginToFB" time="8.522"/>
  <testcase classname="PracticeDay7TestNG.enterDataUsingDP" name="LoginToFB" time="8.688"/>
  <testcase classname="PracticeDay7TestNG.enterDataUsingDP" name="LoginToFB" time="8.795"/>
  <testcase classname="PracticeDay7TestNG.enterDataUsingDP" name="LoginToFB" time="6.358"/>
  <testcase classname="PracticeDay7TestNG.enterDataUsingDP" name="LoginToFB" time="6.64"/>
  <testcase classname="PracticeDay7TestNG.enterDataUsingDP" name="LoginToFB" time="14.17"/>
  <testcase classname="PracticeDay7TestNG.enterDataUsingDP" name="LoginToFB" time="7.95"/>
  <testcase classname="PracticeDay7TestNG.enterDataUsingDP" name="LoginToFB" time="7.901"/>
  <testcase classname="PracticeDay7TestNG.enterDataUsingDP" name="LoginToFB" time="4.06"/>
</testsuite> <!-- Default test -->
