<?xml version="1.0" encoding="UTF-8"?>
<!-- Generated by org.testng.reporters.JUnitXMLReporter -->
<testsuite ignored="6" hostname="LAPTOP-G1OQR14U" failures="0" tests="4" name="Test" time="11.488" errors="0" timestamp="2025-08-30T16:56:18 IST">
  <testcase classname="PracticeDay9TestNG.Demo1" name="case1" time="4.184"/>
  <testcase classname="PracticeDay9TestNG.Demo2" name="case1" time="2.439"/>
  <testcase classname="PracticeDay9TestNG.Demo5" name="case1" time="2.274"/>
  <testcase classname="PracticeDay9TestNG.Demo5" name="case2" time="2.499"/>
  <testcase classname="PracticeDay9TestNG.Demo2" name="case2" time="0.0">
    <ignored/>
  </testcase> <!-- case2 -->
  <testcase classname="PracticeDay9TestNG.Demo4" name="case1" time="0.0">
    <ignored/>
  </testcase> <!-- case1 -->
  <testcase classname="PracticeDay9TestNG.Demo1" name="case2" time="0.0">
    <ignored/>
  </testcase> <!-- case2 -->
  <testcase classname="PracticeDay9TestNG.Demo4" name="case2" time="0.0">
    <ignored/>
  </testcase> <!-- case2 -->
  <testcase classname="PracticeDay9TestNG.Demo3" name="case1" time="0.0">
    <ignored/>
  </testcase> <!-- case1 -->
  <testcase classname="PracticeDay9TestNG.Demo3" name="case2" time="0.0">
    <ignored/>
  </testcase> <!-- case2 -->
</testsuite> <!-- Test -->
