<?xml version="1.0" encoding="UTF-8"?>
<testng-results ignored="0" total="1" passed="1" failed="0" skipped="0">
  <reporter-output>
  </reporter-output>
  <suite started-at="2025-09-01T20:22:27 IST" name="Default suite" finished-at="2025-09-01T20:22:28 IST" duration-ms="594">
    <groups>
    </groups>
    <test started-at="2025-09-01T20:22:27 IST" name="Default test" finished-at="2025-09-01T20:22:28 IST" duration-ms="594">
      <class name="AdvanceTestReports.GenerateAdvanceTestReports">
        <test-method signature="addReports()[pri:0, instance:AdvanceTestReports.GenerateAdvanceTestReports@4f80542f]" started-at="2025-09-01T20:22:27 IST" name="addReports" finished-at="2025-09-01T20:22:28 IST" duration-ms="542" status="PASS">
          <reporter-output>
          </reporter-output>
        </test-method> <!-- addReports -->
      </class> <!-- AdvanceTestReports.GenerateAdvanceTestReports -->
    </test> <!-- Default test -->
  </suite> <!-- Default suite -->
</testng-results>
